0 info it worked if it ends with ok
1 verbose cli [ '/usr/local/bin/node',
1 verbose cli   '/usr/local/bin/npm',
1 verbose cli   'install',
1 verbose cli   '-g',
1 verbose cli   'mocha' ]
2 info using npm@2.15.0
3 info using node@v4.4.2
4 verbose install initial load of /usr/local/lib/package.json
5 verbose readDependencies loading dependencies from /usr/local/lib/package.json
6 silly cache add args [ 'mocha', null ]
7 verbose cache add spec mocha
8 silly cache add parsed spec Result {
8 silly cache add   raw: 'mocha',
8 silly cache add   scope: null,
8 silly cache add   name: 'mocha',
8 silly cache add   rawSpec: '',
8 silly cache add   spec: 'latest',
8 silly cache add   type: 'tag' }
9 silly addNamed mocha@latest
10 verbose addNamed "latest" is being treated as a dist-tag for mocha
11 info addNameTag [ 'mocha', 'latest' ]
12 silly mapToRegistry name mocha
13 silly mapToRegistry using default registry
14 silly mapToRegistry registry https://registry.npmjs.org/
15 silly mapToRegistry data Result {
15 silly mapToRegistry   raw: 'mocha',
15 silly mapToRegistry   scope: null,
15 silly mapToRegistry   name: 'mocha',
15 silly mapToRegistry   rawSpec: '',
15 silly mapToRegistry   spec: 'latest',
15 silly mapToRegistry   type: 'tag' }
16 silly mapToRegistry uri https://registry.npmjs.org/mocha
17 verbose addNameTag registry:https://registry.npmjs.org/mocha not in flight; fetching
18 verbose request uri https://registry.npmjs.org/mocha
19 verbose request no auth needed
20 info attempt registry request try #1 at 3:18:07 PM
21 verbose request id 2e9c0e93f5e1aab0
22 verbose etag "6VFO95B1F7Y5XPIG6O7XRV9MK"
23 http request GET https://registry.npmjs.org/mocha
24 http 304 https://registry.npmjs.org/mocha
25 verbose headers { date: 'Wed, 13 Apr 2016 22:18:07 GMT',
25 verbose headers   via: '1.1 varnish',
25 verbose headers   'cache-control': 'max-age=300',
25 verbose headers   etag: '"6VFO95B1F7Y5XPIG6O7XRV9MK"',
25 verbose headers   age: '179',
25 verbose headers   connection: 'keep-alive',
25 verbose headers   'x-served-by': 'cache-sjc3131-SJC',
25 verbose headers   'x-cache': 'HIT',
25 verbose headers   'x-cache-hits': '3',
25 verbose headers   'x-timer': 'S1460585887.932532,VS0,VE0',
25 verbose headers   vary: 'Accept-Encoding' }
26 silly get cb [ 304,
26 silly get   { date: 'Wed, 13 Apr 2016 22:18:07 GMT',
26 silly get     via: '1.1 varnish',
26 silly get     'cache-control': 'max-age=300',
26 silly get     etag: '"6VFO95B1F7Y5XPIG6O7XRV9MK"',
26 silly get     age: '179',
26 silly get     connection: 'keep-alive',
26 silly get     'x-served-by': 'cache-sjc3131-SJC',
26 silly get     'x-cache': 'HIT',
26 silly get     'x-cache-hits': '3',
26 silly get     'x-timer': 'S1460585887.932532,VS0,VE0',
26 silly get     vary: 'Accept-Encoding' } ]
27 verbose etag https://registry.npmjs.org/mocha from cache
28 verbose get saving mocha to /Users/rachelburke/.npm/registry.npmjs.org/mocha/.cache.json
29 verbose correctMkdir /Users/rachelburke/.npm correctMkdir not in flight; initializing
30 silly addNameTag next cb for mocha with tag latest
31 silly addNamed mocha@2.4.5
32 verbose addNamed "2.4.5" is a plain semver version for mocha
33 silly cache afterAdd mocha@2.4.5
34 verbose afterAdd /Users/rachelburke/.npm/mocha/2.4.5/package/package.json not in flight; writing
35 verbose correctMkdir /Users/rachelburke/.npm correctMkdir not in flight; initializing
36 verbose afterAdd /Users/rachelburke/.npm/mocha/2.4.5/package/package.json written
37 silly install resolved [ { name: 'mocha',
37 silly install resolved     version: '2.4.5',
37 silly install resolved     description: 'simple, flexible, fun test framework',
37 silly install resolved     keywords: [ 'mocha', 'test', 'bdd', 'tdd', 'tap' ],
37 silly install resolved     author: { name: 'TJ Holowaychuk', email: 'tj@vision-media.ca' },
37 silly install resolved     contributors:
37 silly install resolved      [ [Object],
37 silly install resolved        [Object],
37 silly install resolved        [Object],
37 silly install resolved        [Object],
37 silly install resolved        [Object],
37 silly install resolved        [Object],
37 silly install resolved        [Object],
37 silly install resolved        [Object],
37 silly install resolved        [Object],
37 silly install resolved        [Object],
37 silly install resolved        [Object],
37 silly install resolved        [Object],
37 silly install resolved        [Object],
37 silly install resolved        [Object],
37 silly install resolved        [Object],
37 silly install resolved        [Object],
37 silly install resolved        [Object],
37 silly install resolved        [Object],
37 silly install resolved        [Object],
37 silly install resolved        [Object],
37 silly install resolved        [Object],
37 silly install resolved        [Object],
37 silly install resolved        [Object],
37 silly install resolved        [Object],
37 silly install resolved        [Object],
37 silly install resolved        [Object],
37 silly install resolved        [Object],
37 silly install resolved        [Object],
37 silly install resolved        [Object],
37 silly install resolved        [Object],
37 silly install resolved        [Object],
37 silly install resolved        [Object],
37 silly install resolved        [Object],
37 silly install resolved        [Object],
37 silly install resolved        [Object],
37 silly install resolved        [Object],
37 silly install resolved        [Object],
37 silly install resolved        [Object],
37 silly install resolved        [Object],
37 silly install resolved        [Object],
37 silly install resolved        [Object],
37 silly install resolved        [Object],
37 silly install resolved        [Object],
37 silly install resolved        [Object],
37 silly install resolved        [Object],
37 silly install resolved        [Object],
37 silly install resolved        [Object],
37 silly install resolved        [Object],
37 silly install resolved        [Object],
37 silly install resolved        [Object],
37 silly install resolved        [Object],
37 silly install resolved        [Object],
37 silly install resolved        [Object],
37 silly install resolved        [Object],
37 silly install resolved        [Object],
37 silly install resolved        [Object],
37 silly install resolved        [Object],
37 silly install resolved        [Object],
37 silly install resolved        [Object],
37 silly install resolved        [Object],
37 silly install resolved        [Object],
37 silly install resolved        [Object],
37 silly install resolved        [Object],
37 silly install resolved        [Object],
37 silly install resolved        [Object],
37 silly install resolved        [Object],
37 silly install resolved        [Object],
37 silly install resolved        [Object],
37 silly install resolved        [Object],
37 silly install resolved        [Object],
37 silly install resolved        [Object],
37 silly install resolved        [Object],
37 silly install resolved        [Object],
37 silly install resolved        [Object],
37 silly install resolved        [Object],
37 silly install resolved        [Object],
37 silly install resolved        [Object],
37 silly install resolved        [Object],
37 silly install resolved        [Object],
37 silly install resolved        [Object],
37 silly install resolved        [Object],
37 silly install resolved        [Object],
37 silly install resolved        [Object],
37 silly install resolved        [Object],
37 silly install resolved        [Object],
37 silly install resolved        [Object],
37 silly install resolved        [Object],
37 silly install resolved        [Object],
37 silly install resolved        [Object],
37 silly install resolved        [Object],
37 silly install resolved        [Object],
37 silly install resolved        [Object],
37 silly install resolved        [Object],
37 silly install resolved        [Object],
37 silly install resolved        [Object],
37 silly install resolved        [Object],
37 silly install resolved        [Object],
37 silly install resolved        [Object],
37 silly install resolved        [Object],
37 silly install resolved        [Object],
37 silly install resolved        [Object],
37 silly install resolved        [Object],
37 silly install resolved        [Object],
37 silly install resolved        [Object],
37 silly install resolved        [Object],
37 silly install resolved        [Object],
37 silly install resolved        [Object],
37 silly install resolved        [Object],
37 silly install resolved        [Object],
37 silly install resolved        [Object],
37 silly install resolved        [Object],
37 silly install resolved        [Object],
37 silly install resolved        [Object],
37 silly install resolved        [Object],
37 silly install resolved        [Object],
37 silly install resolved        [Object],
37 silly install resolved        [Object],
37 silly install resolved        [Object],
37 silly install resolved        [Object],
37 silly install resolved        [Object],
37 silly install resolved        [Object],
37 silly install resolved        [Object],
37 silly install resolved        [Object],
37 silly install resolved        [Object],
37 silly install resolved        [Object],
37 silly install resolved        [Object],
37 silly install resolved        [Object],
37 silly install resolved        [Object],
37 silly install resolved        [Object],
37 silly install resolved        [Object],
37 silly install resolved        [Object],
37 silly install resolved        [Object],
37 silly install resolved        [Object],
37 silly install resolved        [Object],
37 silly install resolved        [Object],
37 silly install resolved        [Object],
37 silly install resolved        [Object],
37 silly install resolved        [Object],
37 silly install resolved        [Object],
37 silly install resolved        [Object],
37 silly install resolved        [Object],
37 silly install resolved        [Object],
37 silly install resolved        [Object],
37 silly install resolved        [Object],
37 silly install resolved        [Object],
37 silly install resolved        [Object],
37 silly install resolved        [Object],
37 silly install resolved        [Object],
37 silly install resolved        [Object],
37 silly install resolved        [Object],
37 silly install resolved        [Object],
37 silly install resolved        [Object],
37 silly install resolved        [Object],
37 silly install resolved        [Object],
37 silly install resolved        [Object],
37 silly install resolved        [Object],
37 silly install resolved        [Object],
37 silly install resolved        [Object],
37 silly install resolved        [Object],
37 silly install resolved        [Object],
37 silly install resolved        [Object],
37 silly install resolved        [Object],
37 silly install resolved        [Object],
37 silly install resolved        [Object],
37 silly install resolved        [Object],
37 silly install resolved        [Object],
37 silly install resolved        [Object],
37 silly install resolved        [Object],
37 silly install resolved        [Object],
37 silly install resolved        [Object],
37 silly install resolved        [Object],
37 silly install resolved        [Object],
37 silly install resolved        [Object],
37 silly install resolved        [Object],
37 silly install resolved        [Object],
37 silly install resolved        [Object],
37 silly install resolved        [Object],
37 silly install resolved        [Object],
37 silly install resolved        [Object],
37 silly install resolved        [Object],
37 silly install resolved        [Object],
37 silly install resolved        [Object],
37 silly install resolved        [Object],
37 silly install resolved        [Object],
37 silly install resolved        [Object],
37 silly install resolved        [Object],
37 silly install resolved        [Object],
37 silly install resolved        [Object],
37 silly install resolved        [Object],
37 silly install resolved        [Object],
37 silly install resolved        [Object],
37 silly install resolved        [Object],
37 silly install resolved        [Object],
37 silly install resolved        [Object],
37 silly install resolved        [Object],
37 silly install resolved        [Object],
37 silly install resolved        [Object],
37 silly install resolved        [Object],
37 silly install resolved        [Object],
37 silly install resolved        [Object],
37 silly install resolved        [Object],
37 silly install resolved        [Object],
37 silly install resolved        [Object],
37 silly install resolved        [Object],
37 silly install resolved        [Object],
37 silly install resolved        [Object],
37 silly install resolved        [Object],
37 silly install resolved        [Object],
37 silly install resolved        [Object],
37 silly install resolved        [Object],
37 silly install resolved        [Object],
37 silly install resolved        [Object],
37 silly install resolved        [Object],
37 silly install resolved        [Object],
37 silly install resolved        [Object],
37 silly install resolved        [Object],
37 silly install resolved        [Object],
37 silly install resolved        [Object],
37 silly install resolved        [Object],
37 silly install resolved        [Object],
37 silly install resolved        [Object],
37 silly install resolved        [Object],
37 silly install resolved        [Object],
37 silly install resolved        [Object],
37 silly install resolved        [Object],
37 silly install resolved        [Object],
37 silly install resolved        [Object],
37 silly install resolved        [Object],
37 silly install resolved        [Object],
37 silly install resolved        [Object],
37 silly install resolved        [Object],
37 silly install resolved        [Object],
37 silly install resolved        [Object],
37 silly install resolved        [Object],
37 silly install resolved        [Object],
37 silly install resolved        [Object],
37 silly install resolved        [Object],
37 silly install resolved        [Object],
37 silly install resolved        [Object],
37 silly install resolved        [Object] ],
37 silly install resolved     license: 'MIT',
37 silly install resolved     repository: { type: 'git', url: 'git://github.com/mochajs/mocha.git' },
37 silly install resolved     maintainers: [ [Object], [Object], [Object], [Object] ],
37 silly install resolved     main: './index',
37 silly install resolved     bin: { mocha: './bin/mocha', _mocha: './bin/_mocha' },
37 silly install resolved     engines: { node: '>= 0.8.x' },
37 silly install resolved     scripts: { test: 'make test-all' },
37 silly install resolved     dependencies:
37 silly install resolved      { commander: '2.3.0',
37 silly install resolved        debug: '2.2.0',
37 silly install resolved        diff: '1.4.0',
37 silly install resolved        'escape-string-regexp': '1.0.2',
37 silly install resolved        glob: '3.2.3',
37 silly install resolved        growl: '1.8.1',
37 silly install resolved        jade: '0.26.3',
37 silly install resolved        mkdirp: '0.5.1',
37 silly install resolved        'supports-color': '1.2.0' },
37 silly install resolved     devDependencies:
37 silly install resolved      { 'browser-stdout': '^1.2.0',
37 silly install resolved        browserify: '10.2.4',
37 silly install resolved        'coffee-script': '~1.8.0',
37 silly install resolved        eslint: '^1.2.1',
37 silly install resolved        should: '~8.0.0',
37 silly install resolved        through2: '~0.6.5' },
37 silly install resolved     files:
37 silly install resolved      [ 'bin',
37 silly install resolved        'images',
37 silly install resolved        'lib',
37 silly install resolved        'index.js',
37 silly install resolved        'mocha.css',
37 silly install resolved        'mocha.js',
37 silly install resolved        'LICENSE' ],
37 silly install resolved     browser:
37 silly install resolved      { debug: './lib/browser/debug.js',
37 silly install resolved        events: './lib/browser/events.js',
37 silly install resolved        tty: './lib/browser/tty.js' },
37 silly install resolved     licenses: [ [Object] ],
37 silly install resolved     gitHead: '2a8594424c73ffeca41ef1668446372160528b4a',
37 silly install resolved     bugs: { url: 'https://github.com/mochajs/mocha/issues' },
37 silly install resolved     homepage: 'https://github.com/mochajs/mocha#readme',
37 silly install resolved     _id: 'mocha@2.4.5',
37 silly install resolved     _shasum: '151768dd2875eb51bc8295e9800026e9f2bb398f',
37 silly install resolved     _from: 'mocha@latest',
37 silly install resolved     _npmVersion: '3.5.3',
37 silly install resolved     _nodeVersion: '5.5.0',
37 silly install resolved     _npmUser: { name: 'boneskull', email: 'boneskull@boneskull.com' },
37 silly install resolved     dist:
37 silly install resolved      { shasum: '151768dd2875eb51bc8295e9800026e9f2bb398f',
37 silly install resolved        tarball: 'https://registry.npmjs.org/mocha/-/mocha-2.4.5.tgz' },
37 silly install resolved     directories: {},
37 silly install resolved     _resolved: 'https://registry.npmjs.org/mocha/-/mocha-2.4.5.tgz',
37 silly install resolved     readme: 'ERROR: No README data found!' } ]
38 info install mocha@2.4.5 into /usr/local/lib
39 info installOne mocha@2.4.5
40 verbose installOne of mocha to /usr/local/lib not in flight; installing
41 verbose correctMkdir /Users/rachelburke/.npm/_locks correctMkdir not in flight; initializing
42 verbose lock using /Users/rachelburke/.npm/_locks/mocha-1cb4102bb5230051.lock for /usr/local/lib/node_modules/mocha
43 silly install write writing mocha 2.4.5 to /usr/local/lib/node_modules/mocha
44 verbose unbuild lib/node_modules/mocha
45 silly gentlyRm /usr/local/lib/node_modules/mocha is being purged from base /usr/local
46 verbose gentlyRm don't care about contents; nuking /usr/local/lib/node_modules/mocha
47 verbose tar unpack /Users/rachelburke/.npm/mocha/2.4.5/package.tgz
48 verbose tar unpacking to /usr/local/lib/node_modules/mocha
49 silly gentlyRm /usr/local/lib/node_modules/mocha is being purged
50 verbose gentlyRm don't care about contents; nuking /usr/local/lib/node_modules/mocha
51 silly gunzTarPerm modes [ '755', '644' ]
52 error tar.unpack untar error /Users/rachelburke/.npm/mocha/2.4.5/package.tgz
53 verbose unlock done using /Users/rachelburke/.npm/_locks/mocha-1cb4102bb5230051.lock for /usr/local/lib/node_modules/mocha
54 verbose fstream_path /usr/local/lib/node_modules/mocha
55 verbose fstream_type Directory
56 verbose fstream_class DirWriter
57 verbose stack Error: EACCES: permission denied, mkdir '/usr/local/lib/node_modules/mocha'
57 verbose stack     at Error (native)
58 verbose fstream_stack /usr/local/lib/node_modules/npm/node_modules/fstream/lib/dir-writer.js:35:25
58 verbose fstream_stack /usr/local/lib/node_modules/npm/node_modules/mkdirp/index.js:47:53
58 verbose fstream_stack FSReqWrap.oncomplete (fs.js:82:15)
59 verbose cwd /Users/rachelburke/seattle-javascript-401d7/week_2/apr_13/chaihttp
60 error Darwin 14.5.0
61 error argv "/usr/local/bin/node" "/usr/local/bin/npm" "install" "-g" "mocha"
62 error node v4.4.2
63 error npm  v2.15.0
64 error path /usr/local/lib/node_modules/mocha
65 error code EACCES
66 error errno -13
67 error syscall mkdir
68 error Error: EACCES: permission denied, mkdir '/usr/local/lib/node_modules/mocha'
68 error     at Error (native)
68 error  { [Error: EACCES: permission denied, mkdir '/usr/local/lib/node_modules/mocha']
68 error   errno: -13,
68 error   code: 'EACCES',
68 error   syscall: 'mkdir',
68 error   path: '/usr/local/lib/node_modules/mocha',
68 error   fstream_type: 'Directory',
68 error   fstream_path: '/usr/local/lib/node_modules/mocha',
68 error   fstream_class: 'DirWriter',
68 error   fstream_stack:
68 error    [ '/usr/local/lib/node_modules/npm/node_modules/fstream/lib/dir-writer.js:35:25',
68 error      '/usr/local/lib/node_modules/npm/node_modules/mkdirp/index.js:47:53',
68 error      'FSReqWrap.oncomplete (fs.js:82:15)' ] }
69 error Please try running this command again as root/Administrator.
70 verbose exit [ -13, true ]
71 verbose unbuild lib/node_modules/mocha
72 silly gentlyRm /usr/local/lib/node_modules/mocha is being purged from base /usr/local
73 verbose gentlyRm don't care about contents; nuking /usr/local/lib/node_modules/mocha
